2026-04-04 09:15:44,762 [INFO] Checkpoint cleared — starting fresh
2026-04-04 09:15:44,763 [INFO] [cpu] Loading Whisper model (medium)...
2026-04-04 09:15:52,932 [INFO] Found 1 audio files across 1 scripts
2026-04-04 09:15:52,934 [INFO]   Transcribing [1/1] Script_2_1-162.wav
2026-04-04 09:42:28,155 [INFO]     222 Whisper segments
2026-04-04 09:42:28,155 [INFO] Freeing Whisper model...
2026-04-04 09:42:28,245 [INFO] 
==================================================
2026-04-04 09:42:28,245 [INFO] Script_2: 1416 total lines (enc: utf-8-sig)
2026-04-04 09:42:28,245 [INFO]   Audio files: 1
2026-04-04 09:42:28,245 [INFO]   Audio covers lines: 1-162 (162 lines)
2026-04-04 09:42:28,245 [INFO]   [1/1] Script_2_1-162.wav
2026-04-04 09:42:28,245 [INFO]     Filename range: 1-162, Current line: 1
2026-04-04 09:42:28,245 [INFO]     222 Whisper segments (cached)
2026-04-04 09:43:01,549 [WARNING]   Cannot write Script_2_0154.wav (PermissionError) — skipping line 154
2026-04-04 09:43:01,789 [INFO]     Matched: 158, Script total so far: 158
2026-04-04 09:43:01,789 [INFO]   Script_2 DONE: 158/162 (97.5%)
2026-04-04 09:43:01,814 [INFO] Preserving 2942 existing entries (non-Script_2_*)
2026-04-04 09:43:01,833 [INFO] 
============================================================
2026-04-04 09:43:01,833 [INFO] PIPELINE COMPLETE
2026-04-04 09:43:01,833 [INFO]   Total target lines: 162
2026-04-04 09:43:01,833 [INFO]   Matched: 158 (97.5%)
2026-04-04 09:43:01,833 [INFO]   Skipped: 3
2026-04-04 09:43:01,833 [INFO]   Output WAVs: G:\Projects\AI_Research\TTSDataSetCleanser\datasets\wavs
2026-04-04 09:43:01,833 [INFO]   Metadata: G:\Projects\AI_Research\TTSDataSetCleanser\datasets\script.txt (3100 entries)
2026-04-04 09:43:01,833 [INFO]   Skipped log: G:\Projects\AI_Research\TTSDataSetCleanser\logs\skipped_lines.log
2026-04-04 09:43:01,833 [INFO] ============================================================
2026-04-04 09:43:01,840 [INFO] Stage 1 checkpoint cleared (all scripts done)
2026-04-04 09:43:01,841 [INFO] 
Starting Stage 2: Post-processing 3100 WAVs...
2026-04-04 09:43:01,866 [INFO] 
==================================================
2026-04-04 09:43:01,866 [INFO] STAGE 2: Post-processing 3100 WAVs
2026-04-04 09:43:01,866 [INFO]   R6 envelope: 400ms pre-attack + 730ms tail
2026-04-04 09:43:01,866 [INFO]   Fade: 10ms raised-cosine | Normalize: -1.0dB peak
2026-04-04 09:44:51,588 [INFO] Stage 2 complete: 3100 processed, 0 errors
